# JRE version: OpenJDK Runtime Environment Temurin-21.0.10+7 (21.0.10+7) (build 21.0.10+7-LTS)
# Java VM: OpenJDK 64-Bit Server VM Temurin-21.0.10+7 (21.0.10+7-LTS, mixed mode, sharing, tiered, compressed oops, compressed class ptrs, parallel gc, windows-amd64)
GC Precious Log:
 CardTable entry size: 512
 CPUs: 16 total, 16 available
 Memory: 16003M
 Large Page Support: Disabled
 NUMA Support: Disabled
 Compressed Oops: Enabled (32-bit)
 Alignments: Space 512K, Generation 512K, Heap 2M
 Heap Min Capacity: 100M
 Heap Initial Capacity: 100M
 Heap Max Capacity: 2G
 Pre-touch: Disabled
 Parallel Workers: 13
Heap:
 PSYoungGen      total 3584K, used 3451K [0x00000000d5580000, 0x00000000d5a00000, 0x0000000100000000)
  eden space 2560K, 100% used [0x00000000d5580000,0x00000000d5800000,0x00000000d5800000)
  from space 1024K, 87% used [0x00000000d5880000,0x00000000d595ee00,0x00000000d5980000)
  to   space 512K, 93% used [0x00000000d5980000,0x00000000d59f8020,0x00000000d5a00000)
 ParOldGen       total 258048K, used 258045K [0x0000000080000000, 0x000000008fc80000, 0x00000000d5580000)
  object space 258048K, 99% used [0x0000000080000000,0x000000008fbff5d8,0x000000008fc00000)
 Metaspace       used 57540K, committed 58944K, reserved 1114112K
  class space    used 6151K, committed 6720K, reserved 1048576K
GC Heap History (20 events):
Event: 55.441 GC heap after
{Heap after GC invocations=236 (full 2):
 PSYoungGen      total 3584K, used 1018K [0x00000000d5580000, 0x00000000d5d00000, 0x0000000100000000)
  eden space 2560K, 0% used [0x00000000d5580000,0x00000000d5580000,0x00000000d5800000)
  from space 1024K, 99% used [0x00000000d5a00000,0x00000000d5afeac0,0x00000000d5b00000)
  to   space 2048K, 0% used [0x00000000d5800000,0x00000000d5800000,0x00000000d5a00000)
 ParOldGen       total 251904K, used 251849K [0x0000000080000000, 0x000000008f600000, 0x00000000d5580000)
  object space 251904K, 99% used [0x0000000080000000,0x000000008f5f26e0,0x000000008f600000)
 Metaspace       used 57264K, committed 58560K, reserved 1114112K
  class space    used 6118K, committed 6656K, reserved 1048576K
}
Event: 55.460 GC heap before
{Heap before GC invocations=237 (full 2):
 PSYoungGen      total 3584K, used 3578K [0x00000000d5580000, 0x00000000d5d00000, 0x0000000100000000)
  eden space 2560K, 100% used [0x00000000d5580000,0x00000000d5800000,0x00000000d5800000)
  from space 1024K, 99% used [0x00000000d5a00000,0x00000000d5afeac0,0x00000000d5b00000)
  to   space 2048K, 0% used [0x00000000d5800000,0x00000000d5800000,0x00000000d5a00000)
 ParOldGen       total 251904K, used 251849K [0x0000000080000000, 0x000000008f600000, 0x00000000d5580000)
  object space 251904K, 99% used [0x0000000080000000,0x000000008f5f26e0,0x000000008f600000)
 Metaspace       used 57314K, committed 58624K, reserved 1114112K
  class space    used 6128K, committed 6656K, reserved 1048576K
}
Event: 55.462 GC heap after
{Heap after GC invocations=237 (full 2):
 PSYoungGen      total 3584K, used 680K [0x00000000d5580000, 0x00000000d5b00000, 0x0000000100000000)
  eden space 2560K, 0% used [0x00000000d5580000,0x00000000d5580000,0x00000000d5800000)
  from space 1024K, 66% used [0x00000000d5800000,0x00000000d58aa388,0x00000000d5900000)
  to   space 1536K, 0% used [0x00000000d5980000,0x00000000d5980000,0x00000000d5b00000)
 ParOldGen       total 252928K, used 252735K [0x0000000080000000, 0x000000008f700000, 0x00000000d5580000)
  object space 252928K, 99% used [0x0000000080000000,0x000000008f6cfe80,0x000000008f700000)
 Metaspace       used 57314K, committed 58624K, reserved 1114112K
  class space    used 6128K, committed 6656K, reserved 1048576K
}
Event: 55.487 GC heap before
{Heap before GC invocations=238 (full 2):
 PSYoungGen      total 3584K, used 3211K [0x00000000d5580000, 0x00000000d5b00000, 0x0000000100000000)
  eden space 2560K, 98% used [0x00000000d5580000,0x00000000d57f89b0,0x00000000d5800000)
  from space 1024K, 66% used [0x00000000d5800000,0x00000000d58aa388,0x00000000d5900000)
  to   space 1536K, 0% used [0x00000000d5980000,0x00000000d5980000,0x00000000d5b00000)
 ParOldGen       total 252928K, used 252735K [0x0000000080000000, 0x000000008f700000, 0x00000000d5580000)
  object space 252928K, 99% used [0x0000000080000000,0x000000008f6cfe80,0x000000008f700000)
 Metaspace       used 57375K, committed 58752K, reserved 1114112K
  class space    used 6136K, committed 6720K, reserved 1048576K
}
Event: 55.488 GC heap after
{Heap after GC invocations=238 (full 2):
 PSYoungGen      total 3584K, used 832K [0x00000000d5580000, 0x00000000d5a80000, 0x0000000100000000)
  eden space 2560K, 0% used [0x00000000d5580000,0x00000000d5580000,0x00000000d5800000)
  from space 1024K, 81% used [0x00000000d5980000,0x00000000d5a50000,0x00000000d5a80000)
  to   space 1024K, 0% used [0x00000000d5800000,0x00000000d5800000,0x00000000d5900000)
 ParOldGen       total 253440K, used 253280K [0x0000000080000000, 0x000000008f780000, 0x00000000d5580000)
  object space 253440K, 99% used [0x0000000080000000,0x000000008f758050,0x000000008f780000)
 Metaspace       used 57375K, committed 58752K, reserved 1114112K
  class space    used 6136K, committed 6720K, reserved 1048576K
}
Event: 55.501 GC heap before
{Heap before GC invocations=239 (full 2):
 PSYoungGen      total 3584K, used 3312K [0x00000000d5580000, 0x00000000d5a80000, 0x0000000100000000)
  eden space 2560K, 96% used [0x00000000d5580000,0x00000000d57ec100,0x00000000d5800000)
  from space 1024K, 81% used [0x00000000d5980000,0x00000000d5a50000,0x00000000d5a80000)
  to   space 1024K, 0% used [0x00000000d5800000,0x00000000d5800000,0x00000000d5900000)
 ParOldGen       total 253440K, used 253280K [0x0000000080000000, 0x000000008f780000, 0x00000000d5580000)
  object space 253440K, 99% used [0x0000000080000000,0x000000008f758050,0x000000008f780000)
 Metaspace       used 57396K, committed 58752K, reserved 1114112K
  class space    used 6137K, committed 6720K, reserved 1048576K
}
Event: 55.503 GC heap after
{Heap after GC invocations=239 (full 2):
 PSYoungGen      total 3584K, used 836K [0x00000000d5580000, 0x00000000d5a00000, 0x0000000100000000)
  eden space 2560K, 0% used [0x00000000d5580000,0x00000000d5580000,0x00000000d5800000)
  from space 1024K, 81% used [0x00000000d5800000,0x00000000d58d1150,0x00000000d5900000)
  to   space 1024K, 0% used [0x00000000d5900000,0x00000000d5900000,0x00000000d5a00000)
 ParOldGen       total 253952K, used 253893K [0x0000000080000000, 0x000000008f800000, 0x00000000d5580000)
  object space 253952K, 99% used [0x0000000080000000,0x000000008f7f1450,0x000000008f800000)
 Metaspace       used 57396K, committed 58752K, reserved 1114112K
  class space    used 6137K, committed 6720K, reserved 1048576K
}
Event: 55.515 GC heap before
{Heap before GC invocations=240 (full 2):
 PSYoungGen      total 3584K, used 3274K [0x00000000d5580000, 0x00000000d5a00000, 0x0000000100000000)
  eden space 2560K, 95% used [0x00000000d5580000,0x00000000d57e1a80,0x00000000d5800000)
  from space 1024K, 81% used [0x00000000d5800000,0x00000000d58d1150,0x00000000d5900000)
  to   space 1024K, 0% used [0x00000000d5900000,0x00000000d5900000,0x00000000d5a00000)
 ParOldGen       total 253952K, used 253893K [0x0000000080000000, 0x000000008f800000, 0x00000000d5580000)
  object space 253952K, 99% used [0x0000000080000000,0x000000008f7f1450,0x000000008f800000)
 Metaspace       used 57430K, committed 58752K, reserved 1114112K
  class space    used 6140K, committed 6720K, reserved 1048576K
}
Event: 55.517 GC heap after
{Heap after GC invocations=240 (full 2):
 PSYoungGen      total 3584K, used 867K [0x00000000d5580000, 0x00000000d5a00000, 0x0000000100000000)
  eden space 2560K, 0% used [0x00000000d5580000,0x00000000d5580000,0x00000000d5800000)
  from space 1024K, 84% used [0x00000000d5900000,0x00000000d59d8ec0,0x00000000d5a00000)
  to   space 1024K, 0% used [0x00000000d5800000,0x00000000d5800000,0x00000000d5900000)
 ParOldGen       total 254976K, used 254552K [0x0000000080000000, 0x000000008f900000, 0x00000000d5580000)
  object space 254976K, 99% used [0x0000000080000000,0x000000008f896278,0x000000008f900000)
 Metaspace       used 57430K, committed 58752K, reserved 1114112K
  class space    used 6140K, committed 6720K, reserved 1048576K
}
Event: 55.526 GC heap before
{Heap before GC invocations=241 (full 2):
 PSYoungGen      total 3584K, used 3427K [0x00000000d5580000, 0x00000000d5a00000, 0x0000000100000000)
  eden space 2560K, 100% used [0x00000000d5580000,0x00000000d5800000,0x00000000d5800000)
  from space 1024K, 84% used [0x00000000d5900000,0x00000000d59d8ec0,0x00000000d5a00000)
  to   space 1024K, 0% used [0x00000000d5800000,0x00000000d5800000,0x00000000d5900000)
 ParOldGen       total 254976K, used 254552K [0x0000000080000000, 0x000000008f900000, 0x00000000d5580000)
  object space 254976K, 99% used [0x0000000080000000,0x000000008f896278,0x000000008f900000)
 Metaspace       used 57432K, committed 58752K, reserved 1114112K
  class space    used 6140K, committed 6720K, reserved 1048576K
}
Event: 55.527 GC heap after
{Heap after GC invocations=241 (full 2):
 PSYoungGen      total 3584K, used 1008K [0x00000000d5580000, 0x00000000d5c00000, 0x0000000100000000)
  eden space 2560K, 0% used [0x00000000d5580000,0x00000000d5580000,0x00000000d5800000)
  from space 1024K, 98% used [0x00000000d5800000,0x00000000d58fc120,0x00000000d5900000)
  to   space 2048K, 0% used [0x00000000d5a00000,0x00000000d5a00000,0x00000000d5c00000)
 ParOldGen       total 255488K, used 255303K [0x0000000080000000, 0x000000008f980000, 0x00000000d5580000)
  object space 255488K, 99% used [0x0000000080000000,0x000000008f951f98,0x000000008f980000)
 Metaspace       used 57432K, committed 58752K, reserved 1114112K
  class space    used 6140K, committed 6720K, reserved 1048576K
}
Event: 55.542 GC heap before
{Heap before GC invocations=242 (full 2):
 PSYoungGen      total 3584K, used 3568K [0x00000000d5580000, 0x00000000d5c00000, 0x0000000100000000)
  eden space 2560K, 100% used [0x00000000d5580000,0x00000000d5800000,0x00000000d5800000)
  from space 1024K, 98% used [0x00000000d5800000,0x00000000d58fc120,0x00000000d5900000)
  to   space 2048K, 0% used [0x00000000d5a00000,0x00000000d5a00000,0x00000000d5c00000)
 ParOldGen       total 255488K, used 255303K [0x0000000080000000, 0x000000008f980000, 0x00000000d5580000)
  object space 255488K, 99% used [0x0000000080000000,0x000000008f951f98,0x000000008f980000)
 Metaspace       used 57463K, committed 58816K, reserved 1114112K
  class space    used 6146K, committed 6720K, reserved 1048576K
}
Event: 55.543 GC heap after
{Heap after GC invocations=242 (full 2):
 PSYoungGen      total 3584K, used 738K [0x00000000d5580000, 0x00000000d5b00000, 0x0000000100000000)
  eden space 2560K, 0% used [0x00000000d5580000,0x00000000d5580000,0x00000000d5800000)
  from space 1024K, 72% used [0x00000000d5a00000,0x00000000d5ab8920,0x00000000d5b00000)
  to   space 1536K, 0% used [0x00000000d5800000,0x00000000d5800000,0x00000000d5980000)
 ParOldGen       total 256512K, used 256157K [0x0000000080000000, 0x000000008fa80000, 0x00000000d5580000)
  object space 256512K, 99% used [0x0000000080000000,0x000000008fa27480,0x000000008fa80000)
 Metaspace       used 57463K, committed 58816K, reserved 1114112K
  class space    used 6146K, committed 6720K, reserved 1048576K
}
Event: 55.556 GC heap before
{Heap before GC invocations=243 (full 2):
 PSYoungGen      total 3584K, used 3298K [0x00000000d5580000, 0x00000000d5b00000, 0x0000000100000000)
  eden space 2560K, 100% used [0x00000000d5580000,0x00000000d5800000,0x00000000d5800000)
  from space 1024K, 72% used [0x00000000d5a00000,0x00000000d5ab8920,0x00000000d5b00000)
  to   space 1536K, 0% used [0x00000000d5800000,0x00000000d5800000,0x00000000d5980000)
 ParOldGen       total 256512K, used 256157K [0x0000000080000000, 0x000000008fa80000, 0x00000000d5580000)
  object space 256512K, 99% used [0x0000000080000000,0x000000008fa27480,0x000000008fa80000)
 Metaspace       used 57483K, committed 58816K, reserved 1114112K
  class space    used 6148K, committed 6720K, reserved 1048576K
}
Event: 55.558 GC heap after
{Heap after GC invocations=243 (full 2):
 PSYoungGen      total 4096K, used 704K [0x00000000d5580000, 0x00000000d5a80000, 0x0000000100000000)
  eden space 2560K, 0% used [0x00000000d5580000,0x00000000d5580000,0x00000000d5800000)
  from space 1536K, 45% used [0x00000000d5800000,0x00000000d58b0000,0x00000000d5980000)
  to   space 1024K, 0% used [0x00000000d5980000,0x00000000d5980000,0x00000000d5a80000)
 ParOldGen       total 257024K, used 256756K [0x0000000080000000, 0x000000008fb00000, 0x00000000d5580000)
  object space 257024K, 99% used [0x0000000080000000,0x000000008fabd0e0,0x000000008fb00000)
 Metaspace       used 57483K, committed 58816K, reserved 1114112K
  class space    used 6148K, committed 6720K, reserved 1048576K
}
Event: 55.572 GC heap before
{Heap before GC invocations=244 (full 2):
 PSYoungGen      total 4096K, used 3233K [0x00000000d5580000, 0x00000000d5a80000, 0x0000000100000000)
  eden space 2560K, 98% used [0x00000000d5580000,0x00000000d57f8768,0x00000000d5800000)
  from space 1536K, 45% used [0x00000000d5800000,0x00000000d58b0000,0x00000000d5980000)
  to   space 1024K, 0% used [0x00000000d5980000,0x00000000d5980000,0x00000000d5a80000)
 ParOldGen       total 257024K, used 256756K [0x0000000080000000, 0x000000008fb00000, 0x00000000d5580000)
  object space 257024K, 99% used [0x0000000080000000,0x000000008fabd0e0,0x000000008fb00000)
 Metaspace       used 57514K, committed 58816K, reserved 1114112K
  class space    used 6150K, committed 6720K, reserved 1048576K
}
Event: 55.574 GC heap after
{Heap after GC invocations=244 (full 2):
 PSYoungGen      total 3584K, used 723K [0x00000000d5580000, 0x00000000d5a80000, 0x0000000100000000)
  eden space 2560K, 0% used [0x00000000d5580000,0x00000000d5580000,0x00000000d5800000)
  from space 1024K, 70% used [0x00000000d5980000,0x00000000d5a34f58,0x00000000d5a80000)
  to   space 1024K, 0% used [0x00000000d5880000,0x00000000d5880000,0x00000000d5980000)
 ParOldGen       total 257536K, used 257312K [0x0000000080000000, 0x000000008fb80000, 0x00000000d5580000)
  object space 257536K, 99% used [0x0000000080000000,0x000000008fb48060,0x000000008fb80000)
 Metaspace       used 57514K, committed 58816K, reserved 1114112K
  class space    used 6150K, committed 6720K, reserved 1048576K
}
Event: 55.592 GC heap before
{Heap before GC invocations=245 (full 2):
 PSYoungGen      total 3584K, used 3283K [0x00000000d5580000, 0x00000000d5a80000, 0x0000000100000000)
  eden space 2560K, 100% used [0x00000000d5580000,0x00000000d5800000,0x00000000d5800000)
  from space 1024K, 70% used [0x00000000d5980000,0x00000000d5a34f58,0x00000000d5a80000)
  to   space 1024K, 0% used [0x00000000d5880000,0x00000000d5880000,0x00000000d5980000)
 ParOldGen       total 257536K, used 257312K [0x0000000080000000, 0x000000008fb80000, 0x00000000d5580000)
  object space 257536K, 99% used [0x0000000080000000,0x000000008fb48060,0x000000008fb80000)
 Metaspace       used 57530K, committed 58944K, reserved 1114112K
  class space    used 6151K, committed 6720K, reserved 1048576K
}
Event: 55.594 GC heap after
{Heap after GC invocations=245 (full 2):
 PSYoungGen      total 3584K, used 891K [0x00000000d5580000, 0x00000000d5a00000, 0x0000000100000000)
  eden space 2560K, 0% used [0x00000000d5580000,0x00000000d5580000,0x00000000d5800000)
  from space 1024K, 87% used [0x00000000d5880000,0x00000000d595ee00,0x00000000d5980000)
  to   space 512K, 0% used [0x00000000d5980000,0x00000000d5980000,0x00000000d5a00000)
 ParOldGen       total 258048K, used 257879K [0x0000000080000000, 0x000000008fc00000, 0x00000000d5580000)
  object space 258048K, 99% used [0x0000000080000000,0x000000008fbd5f18,0x000000008fc00000)
 Metaspace       used 57530K, committed 58944K, reserved 1114112K
  class space    used 6151K, committed 6720K, reserved 1048576K
}
Event: 55.609 GC heap before
{Heap before GC invocations=246 (full 2):
 PSYoungGen      total 3584K, used 3451K [0x00000000d5580000, 0x00000000d5a00000, 0x0000000100000000)
  eden space 2560K, 100% used [0x00000000d5580000,0x00000000d5800000,0x00000000d5800000)
  from space 1024K, 87% used [0x00000000d5880000,0x00000000d595ee00,0x00000000d5980000)
  to   space 512K, 0% used [0x00000000d5980000,0x00000000d5980000,0x00000000d5a00000)
 ParOldGen       total 258048K, used 257879K [0x0000000080000000, 0x000000008fc00000, 0x00000000d5580000)
  object space 258048K, 99% used [0x0000000080000000,0x000000008fbd5f18,0x000000008fc00000)
 Metaspace       used 57540K, committed 58944K, reserved 1114112K
  class space    used 6151K, committed 6720K, reserved 1048576K
}

