# JRE version: OpenJDK Runtime Environment Temurin-21.0.10+7 (21.0.10+7) (build 21.0.10+7-LTS)
# Java VM: OpenJDK 64-Bit Server VM Temurin-21.0.10+7 (21.0.10+7-LTS, mixed mode, sharing, tiered, compressed oops, compressed class ptrs, parallel gc, windows-amd64)
GC Precious Log:
 CardTable entry size: 512
 CPUs: 16 total, 16 available
 Memory: 16003M
 Large Page Support: Disabled
 NUMA Support: Disabled
 Compressed Oops: Enabled (32-bit)
 Alignments: Space 512K, Generation 512K, Heap 2M
 Heap Min Capacity: 100M
 Heap Initial Capacity: 100M
 Heap Max Capacity: 2G
 Pre-touch: Disabled
 Parallel Workers: 13
Heap:
 PSYoungGen      total 23040K, used 23001K [0x00000000d5580000, 0x00000000d6e80000, 0x0000000100000000)
  eden space 22016K, 100% used [0x00000000d5580000,0x00000000d6b00000,0x00000000d6b00000)
  from space 1024K, 96% used [0x00000000d6d80000,0x00000000d6e76490,0x00000000d6e80000)
  to   space 1536K, 0% used [0x00000000d6b80000,0x00000000d6b80000,0x00000000d6d00000)
 ParOldGen       total 68608K, used 37946K [0x0000000080000000, 0x0000000084300000, 0x00000000d5580000)
  object space 68608K, 55% used [0x0000000080000000,0x000000008250ea20,0x0000000084300000)
 Metaspace       used 42606K, committed 43648K, reserved 1114112K
  class space    used 4319K, committed 4800K, reserved 1048576K
GC Heap History (20 events):
Event: 10.656 GC heap before
{Heap before GC invocations=13 (full 1):
 PSYoungGen      total 24576K, used 24238K [0x00000000d5580000, 0x00000000d7200000, 0x0000000100000000)
  eden space 22528K, 100% used [0x00000000d5580000,0x00000000d6b80000,0x00000000d6b80000)
  from space 2048K, 83% used [0x00000000d6e80000,0x00000000d702b848,0x00000000d7080000)
  to   space 1536K, 0% used [0x00000000d7080000,0x00000000d7080000,0x00000000d7200000)
 ParOldGen       total 68608K, used 21124K [0x0000000080000000, 0x0000000084300000, 0x00000000d5580000)
  object space 68608K, 30% used [0x0000000080000000,0x00000000814a10b8,0x0000000084300000)
 Metaspace       used 32058K, committed 32960K, reserved 1114112K
  class space    used 3228K, committed 3648K, reserved 1048576K
}
Event: 10.667 GC heap after
{Heap after GC invocations=13 (full 1):
 PSYoungGen      total 23552K, used 1504K [0x00000000d5580000, 0x00000000d7600000, 0x0000000100000000)
  eden space 22016K, 0% used [0x00000000d5580000,0x00000000d5580000,0x00000000d6b00000)
  from space 1536K, 97% used [0x00000000d7080000,0x00000000d71f8010,0x00000000d7200000)
  to   space 5632K, 0% used [0x00000000d6b00000,0x00000000d6b00000,0x00000000d7080000)
 ParOldGen       total 68608K, used 24538K [0x0000000080000000, 0x0000000084300000, 0x00000000d5580000)
  object space 68608K, 35% used [0x0000000080000000,0x00000000817f6930,0x0000000084300000)
 Metaspace       used 32058K, committed 32960K, reserved 1114112K
  class space    used 3228K, committed 3648K, reserved 1048576K
}
Event: 11.299 GC heap before
{Heap before GC invocations=14 (full 1):
 PSYoungGen      total 23552K, used 23520K [0x00000000d5580000, 0x00000000d7600000, 0x0000000100000000)
  eden space 22016K, 100% used [0x00000000d5580000,0x00000000d6b00000,0x00000000d6b00000)
  from space 1536K, 97% used [0x00000000d7080000,0x00000000d71f8010,0x00000000d7200000)
  to   space 5632K, 0% used [0x00000000d6b00000,0x00000000d6b00000,0x00000000d7080000)
 ParOldGen       total 68608K, used 24538K [0x0000000080000000, 0x0000000084300000, 0x00000000d5580000)
  object space 68608K, 35% used [0x0000000080000000,0x00000000817f6930,0x0000000084300000)
 Metaspace       used 32531K, committed 33536K, reserved 1114112K
  class space    used 3301K, committed 3776K, reserved 1048576K
}
Event: 11.307 GC heap after
{Heap after GC invocations=14 (full 1):
 PSYoungGen      total 26624K, used 4290K [0x00000000d5580000, 0x00000000d7400000, 0x0000000100000000)
  eden space 22016K, 0% used [0x00000000d5580000,0x00000000d5580000,0x00000000d6b00000)
  from space 4608K, 93% used [0x00000000d6b00000,0x00000000d6f30880,0x00000000d6f80000)
  to   space 4608K, 0% used [0x00000000d6f80000,0x00000000d6f80000,0x00000000d7400000)
 ParOldGen       total 68608K, used 25994K [0x0000000080000000, 0x0000000084300000, 0x00000000d5580000)
  object space 68608K, 37% used [0x0000000080000000,0x0000000081962940,0x0000000084300000)
 Metaspace       used 32531K, committed 33536K, reserved 1114112K
  class space    used 3301K, committed 3776K, reserved 1048576K
}
Event: 11.753 GC heap before
{Heap before GC invocations=15 (full 1):
 PSYoungGen      total 26624K, used 26131K [0x00000000d5580000, 0x00000000d7400000, 0x0000000100000000)
  eden space 22016K, 99% used [0x00000000d5580000,0x00000000d6ad4698,0x00000000d6b00000)
  from space 4608K, 93% used [0x00000000d6b00000,0x00000000d6f30880,0x00000000d6f80000)
  to   space 4608K, 0% used [0x00000000d6f80000,0x00000000d6f80000,0x00000000d7400000)
 ParOldGen       total 68608K, used 25994K [0x0000000080000000, 0x0000000084300000, 0x00000000d5580000)
  object space 68608K, 37% used [0x0000000080000000,0x0000000081962940,0x0000000084300000)
 Metaspace       used 32748K, committed 33792K, reserved 1114112K
  class space    used 3305K, committed 3776K, reserved 1048576K
}
Event: 11.765 GC heap after
{Heap after GC invocations=15 (full 1):
 PSYoungGen      total 25600K, used 3460K [0x00000000d5580000, 0x00000000d7300000, 0x0000000100000000)
  eden space 22016K, 0% used [0x00000000d5580000,0x00000000d5580000,0x00000000d6b00000)
  from space 3584K, 96% used [0x00000000d6f80000,0x00000000d72e1000,0x00000000d7300000)
  to   space 4096K, 0% used [0x00000000d6b00000,0x00000000d6b00000,0x00000000d6f00000)
 ParOldGen       total 68608K, used 29984K [0x0000000080000000, 0x0000000084300000, 0x00000000d5580000)
  object space 68608K, 43% used [0x0000000080000000,0x0000000081d48208,0x0000000084300000)
 Metaspace       used 32748K, committed 33792K, reserved 1114112K
  class space    used 3305K, committed 3776K, reserved 1048576K
}
Event: 12.106 GC heap before
{Heap before GC invocations=16 (full 1):
 PSYoungGen      total 25600K, used 25476K [0x00000000d5580000, 0x00000000d7300000, 0x0000000100000000)
  eden space 22016K, 100% used [0x00000000d5580000,0x00000000d6b00000,0x00000000d6b00000)
  from space 3584K, 96% used [0x00000000d6f80000,0x00000000d72e1000,0x00000000d7300000)
  to   space 4096K, 0% used [0x00000000d6b00000,0x00000000d6b00000,0x00000000d6f00000)
 ParOldGen       total 68608K, used 29984K [0x0000000080000000, 0x0000000084300000, 0x00000000d5580000)
  object space 68608K, 43% used [0x0000000080000000,0x0000000081d48208,0x0000000084300000)
 Metaspace       used 32823K, committed 33856K, reserved 1114112K
  class space    used 3305K, committed 3776K, reserved 1048576K
}
Event: 12.117 GC heap after
{Heap after GC invocations=16 (full 1):
 PSYoungGen      total 26112K, used 3896K [0x00000000d5580000, 0x00000000d7300000, 0x0000000100000000)
  eden space 22016K, 0% used [0x00000000d5580000,0x00000000d5580000,0x00000000d6b00000)
  from space 4096K, 95% used [0x00000000d6b00000,0x00000000d6ece210,0x00000000d6f00000)
  to   space 4096K, 0% used [0x00000000d6f00000,0x00000000d6f00000,0x00000000d7300000)
 ParOldGen       total 68608K, used 33298K [0x0000000080000000, 0x0000000084300000, 0x00000000d5580000)
  object space 68608K, 48% used [0x0000000080000000,0x0000000082084920,0x0000000084300000)
 Metaspace       used 32823K, committed 33856K, reserved 1114112K
  class space    used 3305K, committed 3776K, reserved 1048576K
}
Event: 13.202 GC heap before
{Heap before GC invocations=17 (full 1):
 PSYoungGen      total 26112K, used 20227K [0x00000000d5580000, 0x00000000d7300000, 0x0000000100000000)
  eden space 22016K, 74% used [0x00000000d5580000,0x00000000d6572c20,0x00000000d6b00000)
  from space 4096K, 95% used [0x00000000d6b00000,0x00000000d6ece210,0x00000000d6f00000)
  to   space 4096K, 0% used [0x00000000d6f00000,0x00000000d6f00000,0x00000000d7300000)
 ParOldGen       total 68608K, used 33298K [0x0000000080000000, 0x0000000084300000, 0x00000000d5580000)
  object space 68608K, 48% used [0x0000000080000000,0x0000000082084920,0x0000000084300000)
 Metaspace       used 34910K, committed 35840K, reserved 1114112K
  class space    used 3536K, committed 3968K, reserved 1048576K
}
Event: 13.211 GC heap after
{Heap after GC invocations=17 (full 1):
 PSYoungGen      total 23552K, used 1195K [0x00000000d5580000, 0x00000000d7080000, 0x0000000100000000)
  eden space 22016K, 0% used [0x00000000d5580000,0x00000000d5580000,0x00000000d6b00000)
  from space 1536K, 77% used [0x00000000d6f00000,0x00000000d702ae68,0x00000000d7080000)
  to   space 2560K, 0% used [0x00000000d6b80000,0x00000000d6b80000,0x00000000d6e00000)
 ParOldGen       total 68608K, used 36826K [0x0000000080000000, 0x0000000084300000, 0x00000000d5580000)
  object space 68608K, 53% used [0x0000000080000000,0x00000000823f6b30,0x0000000084300000)
 Metaspace       used 34910K, committed 35840K, reserved 1114112K
  class space    used 3536K, committed 3968K, reserved 1048576K
}
Event: 13.211 GC heap before
{Heap before GC invocations=18 (full 2):
 PSYoungGen      total 23552K, used 1195K [0x00000000d5580000, 0x00000000d7080000, 0x0000000100000000)
  eden space 22016K, 0% used [0x00000000d5580000,0x00000000d5580000,0x00000000d6b00000)
  from space 1536K, 77% used [0x00000000d6f00000,0x00000000d702ae68,0x00000000d7080000)
  to   space 2560K, 0% used [0x00000000d6b80000,0x00000000d6b80000,0x00000000d6e00000)
 ParOldGen       total 68608K, used 36826K [0x0000000080000000, 0x0000000084300000, 0x00000000d5580000)
  object space 68608K, 53% used [0x0000000080000000,0x00000000823f6b30,0x0000000084300000)
 Metaspace       used 34910K, committed 35840K, reserved 1114112K
  class space    used 3536K, committed 3968K, reserved 1048576K
}
Event: 13.357 GC heap after
{Heap after GC invocations=18 (full 2):
 PSYoungGen      total 23552K, used 0K [0x00000000d5580000, 0x00000000d7080000, 0x0000000100000000)
  eden space 22016K, 0% used [0x00000000d5580000,0x00000000d5580000,0x00000000d6b00000)
  from space 1536K, 0% used [0x00000000d6f00000,0x00000000d6f00000,0x00000000d7080000)
  to   space 2560K, 0% used [0x00000000d6b80000,0x00000000d6b80000,0x00000000d6e00000)
 ParOldGen       total 68608K, used 36021K [0x0000000080000000, 0x0000000084300000, 0x00000000d5580000)
  object space 68608K, 52% used [0x0000000080000000,0x000000008232d780,0x0000000084300000)
 Metaspace       used 34828K, committed 35840K, reserved 1114112K
  class space    used 3513K, committed 3968K, reserved 1048576K
}
Event: 15.090 GC heap before
{Heap before GC invocations=19 (full 2):
 PSYoungGen      total 23552K, used 22016K [0x00000000d5580000, 0x00000000d7080000, 0x0000000100000000)
  eden space 22016K, 100% used [0x00000000d5580000,0x00000000d6b00000,0x00000000d6b00000)
  from space 1536K, 0% used [0x00000000d6f00000,0x00000000d6f00000,0x00000000d7080000)
  to   space 2560K, 0% used [0x00000000d6b80000,0x00000000d6b80000,0x00000000d6e00000)
 ParOldGen       total 68608K, used 36021K [0x0000000080000000, 0x0000000084300000, 0x00000000d5580000)
  object space 68608K, 52% used [0x0000000080000000,0x000000008232d780,0x0000000084300000)
 Metaspace       used 35792K, committed 36800K, reserved 1114112K
  class space    used 3647K, committed 4096K, reserved 1048576K
}
Event: 15.092 GC heap after
{Heap after GC invocations=19 (full 2):
 PSYoungGen      total 24576K, used 576K [0x00000000d5580000, 0x00000000d6f80000, 0x0000000100000000)
  eden space 22016K, 0% used [0x00000000d5580000,0x00000000d5580000,0x00000000d6b00000)
  from space 2560K, 22% used [0x00000000d6b80000,0x00000000d6c10000,0x00000000d6e00000)
  to   space 1024K, 0% used [0x00000000d6e80000,0x00000000d6e80000,0x00000000d6f80000)
 ParOldGen       total 68608K, used 36029K [0x0000000080000000, 0x0000000084300000, 0x00000000d5580000)
  object space 68608K, 52% used [0x0000000080000000,0x000000008232f780,0x0000000084300000)
 Metaspace       used 35792K, committed 36800K, reserved 1114112K
  class space    used 3647K, committed 4096K, reserved 1048576K
}
Event: 16.920 GC heap before
{Heap before GC invocations=20 (full 2):
 PSYoungGen      total 24576K, used 22592K [0x00000000d5580000, 0x00000000d6f80000, 0x0000000100000000)
  eden space 22016K, 100% used [0x00000000d5580000,0x00000000d6b00000,0x00000000d6b00000)
  from space 2560K, 22% used [0x00000000d6b80000,0x00000000d6c10000,0x00000000d6e00000)
  to   space 1024K, 0% used [0x00000000d6e80000,0x00000000d6e80000,0x00000000d6f80000)
 ParOldGen       total 68608K, used 36029K [0x0000000080000000, 0x0000000084300000, 0x00000000d5580000)
  object space 68608K, 52% used [0x0000000080000000,0x000000008232f780,0x0000000084300000)
 Metaspace       used 36776K, committed 37696K, reserved 1114112K
  class space    used 3733K, committed 4160K, reserved 1048576K
}
Event: 16.926 GC heap after
{Heap after GC invocations=20 (full 2):
 PSYoungGen      total 23040K, used 1010K [0x00000000d5580000, 0x00000000d6f80000, 0x0000000100000000)
  eden space 22016K, 0% used [0x00000000d5580000,0x00000000d5580000,0x00000000d6b00000)
  from space 1024K, 98% used [0x00000000d6e80000,0x00000000d6f7caf0,0x00000000d6f80000)
  to   space 2048K, 0% used [0x00000000d6b80000,0x00000000d6b80000,0x00000000d6d80000)
 ParOldGen       total 68608K, used 36828K [0x0000000080000000, 0x0000000084300000, 0x00000000d5580000)
  object space 68608K, 53% used [0x0000000080000000,0x00000000823f72a8,0x0000000084300000)
 Metaspace       used 36776K, committed 37696K, reserved 1114112K
  class space    used 3733K, committed 4160K, reserved 1048576K
}
Event: 17.640 GC heap before
{Heap before GC invocations=21 (full 2):
 PSYoungGen      total 23040K, used 23026K [0x00000000d5580000, 0x00000000d6f80000, 0x0000000100000000)
  eden space 22016K, 100% used [0x00000000d5580000,0x00000000d6b00000,0x00000000d6b00000)
  from space 1024K, 98% used [0x00000000d6e80000,0x00000000d6f7caf0,0x00000000d6f80000)
  to   space 2048K, 0% used [0x00000000d6b80000,0x00000000d6b80000,0x00000000d6d80000)
 ParOldGen       total 68608K, used 36828K [0x0000000080000000, 0x0000000084300000, 0x00000000d5580000)
  object space 68608K, 53% used [0x0000000080000000,0x00000000823f72a8,0x0000000084300000)
 Metaspace       used 36786K, committed 37696K, reserved 1114112K
  class space    used 3733K, committed 4160K, reserved 1048576K
}
Event: 17.644 GC heap after
{Heap after GC invocations=21 (full 2):
 PSYoungGen      total 24064K, used 746K [0x00000000d5580000, 0x00000000d6f00000, 0x0000000100000000)
  eden space 22016K, 0% used [0x00000000d5580000,0x00000000d5580000,0x00000000d6b00000)
  from space 2048K, 36% used [0x00000000d6b80000,0x00000000d6c3ab40,0x00000000d6d80000)
  to   space 1536K, 0% used [0x00000000d6d80000,0x00000000d6d80000,0x00000000d6f00000)
 ParOldGen       total 68608K, used 37810K [0x0000000080000000, 0x0000000084300000, 0x00000000d5580000)
  object space 68608K, 55% used [0x0000000080000000,0x00000000824eca20,0x0000000084300000)
 Metaspace       used 36786K, committed 37696K, reserved 1114112K
  class space    used 3733K, committed 4160K, reserved 1048576K
}
Event: 47.266 GC heap before
{Heap before GC invocations=22 (full 2):
 PSYoungGen      total 24064K, used 22762K [0x00000000d5580000, 0x00000000d6f00000, 0x0000000100000000)
  eden space 22016K, 100% used [0x00000000d5580000,0x00000000d6b00000,0x00000000d6b00000)
  from space 2048K, 36% used [0x00000000d6b80000,0x00000000d6c3ab40,0x00000000d6d80000)
  to   space 1536K, 0% used [0x00000000d6d80000,0x00000000d6d80000,0x00000000d6f00000)
 ParOldGen       total 68608K, used 37810K [0x0000000080000000, 0x0000000084300000, 0x00000000d5580000)
  object space 68608K, 55% used [0x0000000080000000,0x00000000824eca20,0x0000000084300000)
 Metaspace       used 40180K, committed 41152K, reserved 1114112K
  class space    used 4042K, committed 4480K, reserved 1048576K
}
Event: 47.268 GC heap after
{Heap after GC invocations=22 (full 2):
 PSYoungGen      total 23040K, used 985K [0x00000000d5580000, 0x00000000d6e80000, 0x0000000100000000)
  eden space 22016K, 0% used [0x00000000d5580000,0x00000000d5580000,0x00000000d6b00000)
  from space 1024K, 96% used [0x00000000d6d80000,0x00000000d6e76490,0x00000000d6e80000)
  to   space 1536K, 0% used [0x00000000d6b80000,0x00000000d6b80000,0x00000000d6d00000)
 ParOldGen       total 68608K, used 37946K [0x0000000080000000, 0x0000000084300000, 0x00000000d5580000)
  object space 68608K, 55% used [0x0000000080000000,0x000000008250ea20,0x0000000084300000)
 Metaspace       used 40180K, committed 41152K, reserved 1114112K
  class space    used 4042K, committed 4480K, reserved 1048576K
}

